 
                              Library Manager (TM)

             Version T-2022.03-SP5 for linux64 - Nov 01, 2022 -SLE

                    Copyright (c) 1988 - 2022 Synopsys, Inc.
   This software and the associated documentation are proprietary to Synopsys,
 Inc. This software may only be used in accordance with the terms and conditions
 of a written license agreement with Synopsys, Inc. All other use, reproduction,
   or distribution of this software is strictly prohibited.  Licensed Products
     communicate with Synopsys servers for the purpose of providing software
    updates, detecting software piracy and verifying that customers are using
    Licensed Products in conformity with the applicable License Key for such
  Licensed Products. Synopsys will use information gathered in connection with
    this process to deliver software updates and pursue software pirates and
                                   infringers.

 Inclusivity & Diversity - Visit SolvNetPlus to read the "Synopsys Statement on
            Inclusivity and Diversity" (Refer to article 000036315 at
                        https://solvnetplus.synopsys.com)

set search_path {/home/subhasis/VSDBabySoC/src/lib/ .}
/home/subhasis/VSDBabySoC/src/lib/ .
setenv RUN_RESULT /tmp/.tARL20177/_rrCYclMG
/tmp/.tARL20177/_rrCYclMG
set_current_mismatch_config auto_fix
1
set_app_options -name lib.workspace.build_script -value CLIBs/.scripts/avsddac.tcl
lib.workspace.build_script CLIBs/.scripts/avsddac.tcl
#suppress_messages
source -echo -verbose CLIBs/.scripts/avsddac.tcl
set NDM_LIBS {}
set FRAME_LIBS {}
set LEF_FILES {/home/subhasis/VSDBabySoC/src/lef/avsddac.lef}
/home/subhasis/VSDBabySoC/src/lef/avsddac.lef
set DB_FILES {/home/subhasis/VSDBabySoC/src/lib/avsddac.db}
/home/subhasis/VSDBabySoC/src/lib/avsddac.db
set TECH_FILE "/home/subhasis/VSDBabySoC/synopsys_ICC2flow_130nm/synopsys_skywater_flow_nominal/milkywayORtechFiles/sky130_fd_sc_hd.tf"
/home/subhasis/VSDBabySoC/synopsys_ICC2flow_130nm/synopsys_skywater_flow_nominal/milkywayORtechFiles/sky130_fd_sc_hd.tf
set_app_options -name lib.workspace.create_cached_lib -value true
lib.workspace.create_cached_lib true
#suppress_messages
set_app_options -name lib.workspace.allow_read_aggregate_lib -value true
lib.workspace.allow_read_aggregate_lib true
create_workspace avsddac -technology $TECH_FILE -scale_factor 10000
Warning: sky130_fd_sc_hd.tf line 26, unsupported syntax 'fatWireViaKeepoutMode' in 'Technology' section. It will be ignored. (TECH-002)
Warning: Section DesignRule '' is missing the attribute 'stackable'. (sky130_fd_sc_hd.tf line 846) (TECH-026)
Warning: Layer 'via4/met4' is missing the attribute 'maxStackLevel'. (sky130_fd_sc_hd.tf line 846) (TECH-026)
Warning: Section DesignRule '' is missing the attribute 'stackable'. (sky130_fd_sc_hd.tf line 854) (TECH-026)
Warning: Layer 'via4/met5' is missing the attribute 'maxStackLevel'. (sky130_fd_sc_hd.tf line 854) (TECH-026)
Warning: Section DesignRule '' is missing the attribute 'stackable'. (sky130_fd_sc_hd.tf line 862) (TECH-026)
Warning: Layer 'via3/met3' is missing the attribute 'maxStackLevel'. (sky130_fd_sc_hd.tf line 862) (TECH-026)
Warning: Section DesignRule '' is missing the attribute 'stackable'. (sky130_fd_sc_hd.tf line 870) (TECH-026)
Warning: Layer 'via3/met4' is missing the attribute 'maxStackLevel'. (sky130_fd_sc_hd.tf line 870) (TECH-026)
Warning: Section DesignRule '' is missing the attribute 'stackable'. (sky130_fd_sc_hd.tf line 878) (TECH-026)
Warning: Layer 'via2/met2' is missing the attribute 'maxStackLevel'. (sky130_fd_sc_hd.tf line 878) (TECH-026)
Warning: Section DesignRule '' is missing the attribute 'stackable'. (sky130_fd_sc_hd.tf line 886) (TECH-026)
Warning: Layer 'via2/met3' is missing the attribute 'maxStackLevel'. (sky130_fd_sc_hd.tf line 886) (TECH-026)
Warning: Section DesignRule '' is missing the attribute 'stackable'. (sky130_fd_sc_hd.tf line 894) (TECH-026)
Warning: Layer 'via/met1' is missing the attribute 'maxStackLevel'. (sky130_fd_sc_hd.tf line 894) (TECH-026)
Warning: Section DesignRule '' is missing the attribute 'stackable'. (sky130_fd_sc_hd.tf line 902) (TECH-026)
Warning: Layer 'via/met2' is missing the attribute 'maxStackLevel'. (sky130_fd_sc_hd.tf line 902) (TECH-026)
Warning: Section DesignRule '' is missing the attribute 'stackable'. (sky130_fd_sc_hd.tf line 910) (TECH-026)
Warning: Layer 'mcon/li1' is missing the attribute 'maxStackLevel'. (sky130_fd_sc_hd.tf line 910) (TECH-026)
Warning: Section DesignRule '' is missing the attribute 'stackable'. (sky130_fd_sc_hd.tf line 918) (TECH-026)
Warning: Layer 'mcon/met1' is missing the attribute 'maxStackLevel'. (sky130_fd_sc_hd.tf line 918) (TECH-026)
Warning: DesignRule is defined with non-consecutive layers 'via4' and 'met4'. (sky130_fd_sc_hd.tf line 851) (TECH-034)
Warning: DesignRule is defined with non-consecutive layers 'via4' and 'met5'. (sky130_fd_sc_hd.tf line 859) (TECH-034)
Warning: DesignRule is defined with non-consecutive layers 'via3' and 'met3'. (sky130_fd_sc_hd.tf line 867) (TECH-034)
Warning: DesignRule is defined with non-consecutive layers 'via3' and 'met4'. (sky130_fd_sc_hd.tf line 875) (TECH-034)
Warning: DesignRule is defined with non-consecutive layers 'via2' and 'met2'. (sky130_fd_sc_hd.tf line 883) (TECH-034)
Warning: DesignRule is defined with non-consecutive layers 'via2' and 'met3'. (sky130_fd_sc_hd.tf line 891) (TECH-034)
Warning: DesignRule is defined with non-consecutive layers 'via' and 'met1'. (sky130_fd_sc_hd.tf line 899) (TECH-034)
Warning: DesignRule is defined with non-consecutive layers 'via' and 'met2'. (sky130_fd_sc_hd.tf line 907) (TECH-034)
Warning: DesignRule is defined with non-consecutive layers 'mcon' and 'li1'. (sky130_fd_sc_hd.tf line 915) (TECH-034)
Warning: DesignRule is defined with non-consecutive layers 'mcon' and 'met1'. (sky130_fd_sc_hd.tf line 923) (TECH-034)
Information: Loading technology file '/home/subhasis/VSDBabySoC/synopsys_ICC2flow_130nm/synopsys_skywater_flow_nominal/milkywayORtechFiles/sky130_fd_sc_hd.tf' (FILE-007)
... created workspace avsddac
read_lef $LEF_FILES
Information: The default value of lib.workspace.library_developer_mode will be 'true' in future release. (LMUI-054)
Information: Loading LEF file '/home/subhasis/VSDBabySoC/src/lef/avsddac.lef' (FILE-007)
Information: Read LEF into a new library 'avsddac'. (LEFR-022)
Warning: Line 5, 'SYMMETRY' is not defined for macro 'avsddac' , only 'N' rotation is allowed. (LEFR-037)
Warning: Line 143, OBS (981.25, 0),(1013.28, 96.3) on layer li1 is less than the fat spacing, 0.17, of pin avsddac/D[9]. (LEFR-068)
Warning: Line 144, OBS (1014.65, 0),(1027.42, 142.74) on layer li1 is less than the fat spacing, 0.17, of pin avsddac/D[9]. (LEFR-068)
Warning: Line 136, OBS (0, 142.74),(1027.42, 557.46) on layer li1 is less than the fat spacing, 0.17, of pin avsddac/D[9]. (LEFR-068)
Warning: Line 137, OBS (0, 96.3),(1013.28, 142.74) on layer li1 is less than the fat spacing, 0.17, of pin avsddac/D[9]. (LEFR-068)
Warning: Line 142, OBS (960.66, 0),(980.26, 6.63) on layer li1 is less than the fat spacing, 0.17, of pin avsddac/D[8]. (LEFR-068)
Warning: Line 143, OBS (981.25, 0),(1013.28, 96.3) on layer li1 is less than the fat spacing, 0.17, of pin avsddac/D[8]. (LEFR-068)
Warning: Line 137, OBS (0, 96.3),(1013.28, 142.74) on layer li1 is less than the fat spacing, 0.17, of pin avsddac/D[8]. (LEFR-068)
Warning: Line 138, OBS (0, 6.63),(980.26, 96.3) on layer li1 is less than the fat spacing, 0.17, of pin avsddac/D[8]. (LEFR-068)
Warning: Line 142, OBS (960.66, 0),(980.26, 6.63) on layer li1 is less than the fat spacing, 0.17, of pin avsddac/D[7]. (LEFR-068)
Warning: Line 138, OBS (0, 6.63),(980.26, 96.3) on layer li1 is less than the fat spacing, 0.17, of pin avsddac/D[7]. (LEFR-068)
Warning: Line 139, OBS (0, 1.88),(960.01, 6.63) on layer li1 is less than the fat spacing, 0.17, of pin avsddac/D[7]. (LEFR-068)
Warning: Line 139, OBS (0, 1.88),(960.01, 6.63) on layer li1 is less than the fat spacing, 0.17, of pin avsddac/D[6]. (LEFR-068)
Warning: Line 126, OBS (9.97, 559),(23.82, 562.31) on layer li1 is less than the fat spacing, 0.17, of pin avsddac/D[1]. (LEFR-068)
Warning: Line 126, OBS (9.97, 559),(23.82, 562.31) on layer li1 is less than the fat spacing, 0.17, of pin avsddac/D[0]. (LEFR-068)
Warning: Line 136, OBS (0, 142.74),(1027.42, 557.46) on layer li1 is less than the fat spacing, 0.17, of pin avsddac/VREFH. (LEFR-068)
Warning: Line 124, OBS (0, 557.46),(5.96, 562.31) on layer li1 is less than the fat spacing, 0.17, of pin avsddac/VREFH. (LEFR-068)
Information: The error data is saved in ./PreFrameCheck/avsddac/avsddac_preFrame.err; use the error browser to view the errors. (LEFR-070)
Warning: The library workspace has 16 cell layout warnings. (LEFR-072)
{avsddac}
read_db $DB_FILES
Information: Loading db file '/home/subhasis/VSDBabySoC/src/lib/avsddac.db' (FILE-007)
{avsddac}
process_workspaces -check_options {-allow_missing} -force -directory CLIBs -output avsddac.ndm
Checking libraries...
Information: Only one logical library loaded - internal checks only (LM-005)
Using avsddac as the base library.
Warning: Copied PG pin 'avsddac/avsddac/VPWR' from physical source (was missing in logical source) (LM-109)
Warning: Copied PG pin 'avsddac/avsddac/VGND' from physical source (was missing in logical source) (LM-109)
Information: Deriving related power/ground pin for cell avsddac. (LM-175)
Error: Direction 'inout' for port VPWR on avsddac/avsddac/design
        does not match expected value 'in' from avsddac/avsddac/timing (NDM-032)
Error: Direction 'inout' for port VGND on avsddac/avsddac/design
        does not match expected value 'in' from avsddac/avsddac/timing (NDM-032)
Error: Port VDDA missing on avsddac/avsddac/design (NDM-031)
Error: Port VREFL missing on avsddac/avsddac/design (NDM-031)
Error: Port VSSA missing on avsddac/avsddac/design (NDM-031)
Warning:  Missing physical library port, create placeholder physical library port VDDA for library cell avsddac. (LM-112)
Warning:  Missing physical library port, create placeholder physical library port VREFL for library cell avsddac. (LM-112)
Warning:  Missing physical library port, create placeholder physical library port VSSA for library cell avsddac. (LM-112)
Information: Fixed direction mismatches for block avsddac (LM-054)
Creating default ground rail
Associated ground rail 1 to pin VGND
Information: Combined 1 physical design:1 with a design view (1 had ports reordered); (LM-034)
... creating frames for avsddac
Information: Block avsddac.frame, the feature of blocking core area is set on specific layers. New zero-spacing routing blockages and RC metal are added on layers: li1 met1 met2 met3 met4. (FRAM-045)
Information: Block avsddac.frame, the feature of blockage trimming by pin is set to 'touch' on specific layers. All metal shapes and routing blockages touch pins in design view are trimmed on layers: li1 met1 met2 met3 met4 met5 fieldpoly diff nwell pwell. (FRAM-046)
Warning: Block avsddac.frame has a very large regular routing blockage RB_0 on the li1 metal layer; this might prevent the router from connecting to nearby terminals. (FRAM-066)
Warning: Block avsddac.frame has a very large regular routing blockage RB_2 on the met1 metal layer; this might prevent the router from connecting to nearby terminals. (FRAM-066)
Warning: Block avsddac.frame has a very large regular routing blockage RB_5 on the met3 metal layer; this might prevent the router from connecting to nearby terminals. (FRAM-066)
... created 1 frames

Workspace check succeeded!
... wrote CLIBs/avsddac.ndm
... removing library 'avsddac'
... removing library 'avsddac'
... lib workspace removed!

Warning: EMS database "check_workspace.ems" already exists, over-writing it. (EMS-040)
Maximum memory usage for this session: 98.27 MB
CPU usage for this session:      2 seconds (  0.00 hours)
Elapsed time for this session:      5 seconds (  0.00 hours)
Thank you for using Library Manager.

