Information: Updating design information... (UID-85)
 
****************************************
Report : timing
        -path full
        -delay max
        -max_paths 1
Design : vsdbabysoc
Version: T-2022.03-SP5-6
Date   : Tue Jun 18 12:56:13 2024
****************************************

Operating Conditions: ff_n40C_1v56   Library: sky130_fd_sc_hd__ff_n40C_1v56
Wire Load Model Mode: top

  Startpoint: core/CPU_is_addi_a3_reg
              (rising edge-triggered flip-flop clocked by clk)
  Endpoint: core/CPU_Xreg_value_a4_reg[27][31]
            (rising edge-triggered flip-flop clocked by clk)
  Path Group: clk
  Path Type: max

  Des/Clust/Port     Wire Load Model       Library
  ------------------------------------------------
  vsdbabysoc         Small                 sky130_fd_sc_hd__ff_n40C_1v56

  Point                                                                Incr       Path
  ---------------------------------------------------------------------------------------
  clock clk (rise edge)                                                0.00       0.00
  clock network delay (ideal)                                          3.00       3.00
  core/CPU_is_addi_a3_reg/CLK (sky130_fd_sc_hd__dfxtp_1)               0.00       3.00 r
  core/CPU_is_addi_a3_reg/Q (sky130_fd_sc_hd__dfxtp_1)                 0.83       3.83 r
  core/U4/Y (sky130_fd_sc_hd__inv_1)                                   0.10       3.93 f
  core/U566/Y (sky130_fd_sc_hd__nand2_1)                               0.12       4.05 r
  core/U3/Y (sky130_fd_sc_hd__inv_1)                                   0.24       4.29 f
  core/U567/Y (sky130_fd_sc_hd__nand2_1)                               0.15       4.44 r
  core/U569/Y (sky130_fd_sc_hd__nand2_1)                               0.06       4.50 f
  core/U570/X (sky130_fd_sc_hd__xor2_1)                                0.18       4.68 f
  core/U20/Y (sky130_fd_sc_hd__a21oi_1)                                0.27       4.95 r
  core/U19/Y (sky130_fd_sc_hd__o21ai_0)                                0.15       5.10 f
  core/U18/Y (sky130_fd_sc_hd__a21oi_1)                                0.22       5.32 r
  core/U17/Y (sky130_fd_sc_hd__o21ai_0)                                0.14       5.46 f
  core/U16/Y (sky130_fd_sc_hd__a21oi_1)                                0.22       5.68 r
  core/U15/Y (sky130_fd_sc_hd__o21ai_0)                                0.14       5.81 f
  core/U14/Y (sky130_fd_sc_hd__a21oi_1)                                0.23       6.04 r
  core/U858/Y (sky130_fd_sc_hd__o21ai_1)                               0.12       6.16 f
  core/U877/Y (sky130_fd_sc_hd__a21oi_2)                               0.18       6.34 r
  core/U909/Y (sky130_fd_sc_hd__o21ai_1)                               0.10       6.45 f
  core/U928/Y (sky130_fd_sc_hd__a21oi_2)                               0.18       6.63 r
  core/U960/Y (sky130_fd_sc_hd__o21ai_1)                               0.10       6.73 f
  core/U979/Y (sky130_fd_sc_hd__a21oi_2)                               0.18       6.91 r
  core/U1005/Y (sky130_fd_sc_hd__o21ai_1)                              0.10       7.01 f
  core/U1012/Y (sky130_fd_sc_hd__a21oi_2)                              0.18       7.19 r
  core/U1062/Y (sky130_fd_sc_hd__o21ai_1)                              0.10       7.30 f
  core/U1081/Y (sky130_fd_sc_hd__a21oi_2)                              0.18       7.48 r
  core/U1111/Y (sky130_fd_sc_hd__o21ai_1)                              0.10       7.58 f
  core/U1118/Y (sky130_fd_sc_hd__a21oi_2)                              0.14       7.72 r
  core/U9/Y (sky130_fd_sc_hd__clkinv_1)                                0.08       7.80 f
  core/U468/COUT (sky130_fd_sc_hd__fa_1)                               0.36       8.16 f
  core/U13/X (sky130_fd_sc_hd__a21o_1)                                 0.19       8.35 f
  core/U467/COUT (sky130_fd_sc_hd__fa_1)                               0.35       8.70 f
  core/U466/COUT (sky130_fd_sc_hd__fa_1)                               0.36       9.06 f
  core/U465/COUT (sky130_fd_sc_hd__fa_1)                               0.36       9.42 f
  core/U471/COUT (sky130_fd_sc_hd__fa_1)                               0.36       9.78 f
  core/U464/COUT (sky130_fd_sc_hd__fa_1)                               0.37      10.15 f
  core/U12/X (sky130_fd_sc_hd__a21o_1)                                 0.19      10.34 f
  core/U463/COUT (sky130_fd_sc_hd__fa_1)                               0.35      10.68 f
  core/U11/COUT (sky130_fd_sc_hd__fa_1)                                0.36      11.04 f
  core/U10/COUT (sky130_fd_sc_hd__fa_1)                                0.36      11.40 f
  core/U470/COUT (sky130_fd_sc_hd__fa_1)                               0.35      11.76 f
  core/U1383/X (sky130_fd_sc_hd__xor2_1)                               0.23      11.99 r
  core/U1415/Y (sky130_fd_sc_hd__nand2_1)                              0.20      12.19 f
  core/U1429/Y (sky130_fd_sc_hd__o21ai_0)                              0.22      12.40 r
  core/CPU_Xreg_value_a4_reg[27][31]/D (sky130_fd_sc_hd__dfxtp_1)      0.00      12.41 r
  data arrival time                                                              12.41

  clock clk (rise edge)                                               10.00      10.00
  clock network delay (ideal)                                          3.00      13.00
  clock uncertainty                                                   -0.50      12.50
  core/CPU_Xreg_value_a4_reg[27][31]/CLK (sky130_fd_sc_hd__dfxtp_1)
                                                                       0.00      12.50 r
  library setup time                                                  -0.08      12.42
  data required time                                                             12.42
  ---------------------------------------------------------------------------------------
  data required time                                                             12.42
  data arrival time                                                             -12.41
  ---------------------------------------------------------------------------------------
  slack (MET)                                                                     0.01


  Startpoint: dac/OUT (internal path startpoint)
  Endpoint: OUT (output port)
  Path Group: default
  Path Type: max

  Des/Clust/Port     Wire Load Model       Library
  ------------------------------------------------
  vsdbabysoc         Small                 sky130_fd_sc_hd__ff_n40C_1v56

  Point                                    Incr       Path
  -----------------------------------------------------------
  input external delay                     0.00       0.00 r
  dac/OUT (avsddac)                        0.00       0.00 r
  OUT (out)                                0.87       0.87 r
  data arrival time                                   0.87

  max_delay                               10.00      10.00
  output external delay                    0.00      10.00
  data required time                                 10.00
  -----------------------------------------------------------
  data required time                                 10.00
  data arrival time                                  -0.87
  -----------------------------------------------------------
  slack (MET)                                         9.13


1
