#! /usr/bin/vvp
:ivl_version "10.2 (stable)";
:ivl_delay_selection "TYPICAL";
:vpi_time_precision + 0;
:vpi_module "system";
:vpi_module "vhdl_sys";
:vpi_module "v2005_math";
:vpi_module "va_math";
S_0xf02d20 .scope module, "tb_pll" "tb_pll" 2 2;
 .timescale 0 0;
v0xf42780_0 .var "VGND", 0 0;
v0xf42870_0 .var "VPWR", 0 0;
v0xf42940_0 .net "down", 0 0, v0xf41770_0;  1 drivers
v0xf42a10_0 .var "f_clk_in", 0 0;
v0xf42b00_0 .net "f_vco", 0 0, L_0xf42dd0;  1 drivers
v0xf42bf0_0 .net "up", 0 0, v0xf41840_0;  1 drivers
v0xf42ce0_0 .var "vctrl", 0 0;
S_0xf02990 .scope module, "uut" "pll" 2 11, 3 1 0, S_0xf02d20;
 .timescale 0 0;
    .port_info 0 /INPUT 1 "f_clk_in"
    .port_info 1 /INPUT 1 "VPWR"
    .port_info 2 /INPUT 1 "VGND"
    .port_info 3 /OUTPUT 1 "f_vco"
    .port_info 4 /OUTPUT 1 "up"
    .port_info 5 /OUTPUT 1 "down"
    .port_info 6 /INPUT 1 "vctrl"
L_0xf42dd0 .functor BUFZ 1, v0xf41d40_0, C4<0>, C4<0>, C4<0>;
v0xf41f20_0 .net "VGND", 0 0, v0xf42780_0;  1 drivers
v0xf41fe0_0 .net "VPWR", 0 0, v0xf42870_0;  1 drivers
v0xf420a0_0 .net "clk_fb", 0 0, v0xf41100_0;  1 drivers
v0xf421c0_0 .net "down", 0 0, v0xf41770_0;  alias, 1 drivers
v0xf42260_0 .net "f_clk_in", 0 0, v0xf42a10_0;  1 drivers
v0xf42350_0 .net "f_vco", 0 0, L_0xf42dd0;  alias, 1 drivers
v0xf423f0_0 .net "up", 0 0, v0xf41840_0;  alias, 1 drivers
v0xf424c0_0 .net "vco_out", 0 0, v0xf41d40_0;  1 drivers
v0xf425b0_0 .net "vctrl", 0 0, v0xf42ce0_0;  1 drivers
S_0xf29420 .scope module, "div_inst" "divider" 3 31, 3 78 0, S_0xf02990;
 .timescale 0 0;
    .port_info 0 /INPUT 1 "clk_in"
    .port_info 1 /OUTPUT 1 "clk_out"
v0xf295f0_0 .net "clk_in", 0 0, v0xf41d40_0;  alias, 1 drivers
v0xf41100_0 .var "clk_out", 0 0;
v0xf411c0_0 .var "counter", 3 0;
E_0xf283b0 .event posedge, v0xf295f0_0;
S_0xf41310 .scope module, "pfd_inst" "pfd" 3 17, 3 42 0, S_0xf02990;
 .timescale 0 0;
    .port_info 0 /INPUT 1 "clk_in"
    .port_info 1 /INPUT 1 "clk_fb"
    .port_info 2 /OUTPUT 1 "up"
    .port_info 3 /OUTPUT 1 "down"
v0xf415e0_0 .net "clk_fb", 0 0, v0xf41100_0;  alias, 1 drivers
v0xf416d0_0 .net "clk_in", 0 0, v0xf42a10_0;  alias, 1 drivers
v0xf41770_0 .var "down", 0 0;
v0xf41840_0 .var "up", 0 0;
E_0xf41580 .event posedge, v0xf41100_0, v0xf416d0_0;
S_0xf419b0 .scope module, "vco_inst" "vco" 3 25, 3 66 0, S_0xf02990;
 .timescale 0 0;
    .port_info 0 /INPUT 1 "vctrl"
    .port_info 1 /OUTPUT 1 "vco_out"
v0xf41c40_0 .var "counter", 7 0;
v0xf41d40_0 .var "vco_out", 0 0;
v0xf41e30_0 .net "vctrl", 0 0, v0xf42ce0_0;  alias, 1 drivers
E_0xf41bc0 .event posedge, v0xf41e30_0;
    .scope S_0xf41310;
T_0 ;
    %wait E_0xf41580;
    %load/vec4 v0xf416d0_0;
    %flag_set/vec4 8;
    %jmp/0xz  T_0.0, 8;
    %pushi/vec4 1, 0, 1;
    %assign/vec4 v0xf41840_0, 0;
    %pushi/vec4 0, 0, 1;
    %assign/vec4 v0xf41770_0, 0;
    %jmp T_0.1;
T_0.0 ;
    %load/vec4 v0xf415e0_0;
    %flag_set/vec4 8;
    %jmp/0xz  T_0.2, 8;
    %pushi/vec4 0, 0, 1;
    %assign/vec4 v0xf41840_0, 0;
    %pushi/vec4 1, 0, 1;
    %assign/vec4 v0xf41770_0, 0;
    %jmp T_0.3;
T_0.2 ;
    %pushi/vec4 0, 0, 1;
    %assign/vec4 v0xf41840_0, 0;
    %pushi/vec4 0, 0, 1;
    %assign/vec4 v0xf41770_0, 0;
T_0.3 ;
T_0.1 ;
    %jmp T_0;
    .thread T_0;
    .scope S_0xf419b0;
T_1 ;
    %pushi/vec4 0, 0, 8;
    %store/vec4 v0xf41c40_0, 0, 8;
    %end;
    .thread T_1;
    .scope S_0xf419b0;
T_2 ;
    %wait E_0xf41bc0;
    %load/vec4 v0xf41c40_0;
    %addi 1, 0, 8;
    %assign/vec4 v0xf41c40_0, 0;
    %load/vec4 v0xf41c40_0;
    %parti/s 1, 7, 4;
    %assign/vec4 v0xf41d40_0, 0;
    %jmp T_2;
    .thread T_2;
    .scope S_0xf29420;
T_3 ;
    %pushi/vec4 0, 0, 4;
    %store/vec4 v0xf411c0_0, 0, 4;
    %end;
    .thread T_3;
    .scope S_0xf29420;
T_4 ;
    %wait E_0xf283b0;
    %load/vec4 v0xf411c0_0;
    %addi 1, 0, 4;
    %assign/vec4 v0xf411c0_0, 0;
    %load/vec4 v0xf411c0_0;
    %pad/u 32;
    %cmpi/e 8, 0, 32;
    %jmp/0xz  T_4.0, 4;
    %load/vec4 v0xf41100_0;
    %inv;
    %assign/vec4 v0xf41100_0, 0;
    %pushi/vec4 0, 0, 4;
    %assign/vec4 v0xf411c0_0, 0;
T_4.0 ;
    %jmp T_4;
    .thread T_4;
    .scope S_0xf02d20;
T_5 ;
    %pushi/vec4 1, 0, 1;
    %store/vec4 v0xf42870_0, 0, 1;
    %pushi/vec4 0, 0, 1;
    %store/vec4 v0xf42780_0, 0, 1;
    %end;
    .thread T_5;
    .scope S_0xf02d20;
T_6 ;
    %vpi_call 2 22 "$dumpfile", "pll_sim.vcd" {0 0 0};
    %vpi_call 2 23 "$dumpvars", 32'sb00000000000000000000000000000000, S_0xf02d20 {0 0 0};
    %end;
    .thread T_6;
    .scope S_0xf02d20;
T_7 ;
    %pushi/vec4 0, 0, 1;
    %store/vec4 v0xf42a10_0, 0, 1;
    %pushi/vec4 0, 0, 1;
    %store/vec4 v0xf42ce0_0, 0, 1;
    %delay 100, 0;
    %pushi/vec4 1, 0, 1;
    %store/vec4 v0xf42ce0_0, 0, 1;
    %delay 200, 0;
    %pushi/vec4 0, 0, 1;
    %store/vec4 v0xf42ce0_0, 0, 1;
    %delay 300, 0;
    %pushi/vec4 1, 0, 1;
    %store/vec4 v0xf42ce0_0, 0, 1;
    %delay 400, 0;
    %pushi/vec4 0, 0, 1;
    %store/vec4 v0xf42ce0_0, 0, 1;
    %delay 500, 0;
    %pushi/vec4 1, 0, 1;
    %store/vec4 v0xf42ce0_0, 0, 1;
    %delay 1000, 0;
    %vpi_call 2 38 "$finish" {0 0 0};
    %end;
    .thread T_7;
    .scope S_0xf02d20;
T_8 ;
    %delay 10, 0;
    %load/vec4 v0xf42a10_0;
    %inv;
    %store/vec4 v0xf42a10_0, 0, 1;
    %jmp T_8;
    .thread T_8;
# The file index is used to find the file name in the following table.
:file_names 4;
    "N/A";
    "<interactive>";
    "tb_pll.v";
    "pll.v";
